<?xml version="1.0" encoding="UTF-8"?>
<!-- Generated by org.testng.reporters.JUnitXMLReporter -->
<testsuite ignored="1" hostname="LAPTOP-MBLG6C6O" failures="0" tests="8" name="TestRunner5" time="0.125" errors="0" timestamp="2023-04-17T16:03:59 IST">
  <testcase classname="testNgOne.Test5" name="apple" time="0.014"/>
  <testcase classname="testNgOne.Test5" name="apple" time="0.001"/>
  <testcase classname="testNgOne.Test5" name="apple" time="0.004"/>
  <testcase classname="testNgOne.Test5" name="apple" time="0.003"/>
  <testcase classname="testNgOne.Test5" name="apple" time="0.001"/>
  <testcase classname="testNgOne.Test5" name="cat" time="0.003"/>
  <testcase classname="testNgOne.Test5" name="writeReviewTest" time="0.001"/>
  <testcase classname="testNgOne.Test5" name="addproductToBagTest" time="0.001"/>
  <testcase classname="testNgOne.Test5" name="searchProductTest" time="0.0">
    <ignored/>
  </testcase> <!-- searchProductTest -->
</testsuite> <!-- TestRunner5 -->
