<?xml version="1.0" encoding="UTF-8"?>
<!-- Generated by org.testng.reporters.JUnitXMLReporter -->
<testsuite ignored="0" hostname="LAPTOP-MBLG6C6O" failures="0" tests="4" name="TestRunner4" time="0.119" errors="0" timestamp="2023-04-17T16:03:59 IST">
  <testcase classname="testNgOne.Test4" name="cat" time="0.014"/>
  <testcase classname="testNgOne.Test4" name="dog" time="0.001"/>
  <testcase classname="testNgOne.Test4" name="rat" time="0.003"/>
  <testcase classname="testNgOne.Test4" name="mouse" time="0.002"/>
</testsuite> <!-- TestRunner4 -->
