<?xml version="1.0" encoding="UTF-8"?>
<!-- Generated by org.testng.reporters.JUnitXMLReporter -->
<testsuite ignored="8" hostname="LAPTOP-MBLG6C6O" failures="0" tests="2" name="QLCADDA test" time="0.096" errors="0" timestamp="2023-04-14T16:35:41 IST">
  <testcase classname="testNG.sampleTest" name="addProductToBagTest" time="0.014"/>
  <testcase classname="testNG.sampleTest" name="searchProductTest" time="0.002"/>
  <testcase classname="testNG.testNg" name="searchProductTest" time="0.0">
    <ignored/>
  </testcase> <!-- searchProductTest -->
  <testcase classname="testNG.testNG1" name="m1" time="0.0">
    <ignored/>
  </testcase> <!-- m1 -->
  <testcase classname="testNG.testNG2" name="test3" time="0.0">
    <ignored/>
  </testcase> <!-- test3 -->
  <testcase classname="testNG.testNG1" name="m2" time="0.0">
    <ignored/>
  </testcase> <!-- m2 -->
  <testcase classname="testNG.sampleTest" name="writeReviewTest" time="0.0">
    <ignored/>
  </testcase> <!-- writeReviewTest -->
  <testcase classname="testNG.testNG2" name="test2" time="0.0">
    <ignored/>
  </testcase> <!-- test2 -->
  <testcase classname="testNG.testNg" name="addproductToBagTest" time="0.0">
    <ignored/>
  </testcase> <!-- addproductToBagTest -->
  <testcase classname="testNG.testNg" name="writeReviewTest" time="0.0">
    <ignored/>
  </testcase> <!-- writeReviewTest -->
</testsuite> <!-- QLCADDA test -->
