<?xml version="1.0" encoding="UTF-8"?>
<!-- Generated by org.testng.reporters.JUnitXMLReporter -->
<testsuite ignored="2" hostname="LAPTOP-MBLG6C6O" failures="0" tests="1" name="Test" time="0.083" errors="0" timestamp="2023-04-14T15:05:31 IST">
  <testcase classname="testNG.testNg" name="addproductToBagTest" time="0.01"/>
  <testcase classname="testNG.testNg" name="searchProductTest" time="0.0">
    <ignored/>
  </testcase> <!-- searchProductTest -->
  <testcase classname="testNG.testNg" name="writeReviewTest" time="0.0">
    <ignored/>
  </testcase> <!-- writeReviewTest -->
</testsuite> <!-- Test -->
